[INFO] Scanning for projects...
[INFO] 
[INFO] -------------------< cs.msu.edu:csci-468-spring2022 >-------------------
[INFO] Building csci-468-spring2022 1.0-SNAPSHOT
[INFO] --------------------------------[ jar ]---------------------------------
[INFO] 
[INFO] --- maven-resources-plugin:2.6:resources (default-resources) @ csci-468-spring2022 ---
[WARNING] Using platform encoding (UTF-8 actually) to copy filtered resources, i.e. build is platform dependent!
[INFO] Copying 5 resources
[INFO] 
[INFO] --- maven-compiler-plugin:3.1:compile (default-compile) @ csci-468-spring2022 ---
[INFO] Changes detected - recompiling the module!
[WARNING] File encoding has not been set, using platform encoding UTF-8, i.e. build is platform dependent!
[INFO] Compiling 51 source files to /home/carson/Projects/msu/csci-468-spring2022/grading/scripts/repos/kyler_gappa/target/classes
[WARNING] /home/carson/Projects/msu/csci-468-spring2022/grading/scripts/repos/kyler_gappa/src/main/java/edu/montana/csci/csci468/bytecode/MethodGenerator.java: /home/carson/Projects/msu/csci-468-spring2022/grading/scripts/repos/kyler_gappa/src/main/java/edu/montana/csci/csci468/bytecode/MethodGenerator.java uses or overrides a deprecated API.
[WARNING] /home/carson/Projects/msu/csci-468-spring2022/grading/scripts/repos/kyler_gappa/src/main/java/edu/montana/csci/csci468/bytecode/MethodGenerator.java: Recompile with -Xlint:deprecation for details.
[WARNING] /home/carson/Projects/msu/csci-468-spring2022/grading/scripts/repos/kyler_gappa/src/main/java/edu/montana/csci/csci468/tokenizer/TokenList.java: Some input files use unchecked or unsafe operations.
[WARNING] /home/carson/Projects/msu/csci-468-spring2022/grading/scripts/repos/kyler_gappa/src/main/java/edu/montana/csci/csci468/tokenizer/TokenList.java: Recompile with -Xlint:unchecked for details.
[INFO] 
[INFO] --- maven-resources-plugin:2.6:testResources (default-testResources) @ csci-468-spring2022 ---
[WARNING] Using platform encoding (UTF-8 actually) to copy filtered resources, i.e. build is platform dependent!
[INFO] skip non existing resourceDirectory /home/carson/Projects/msu/csci-468-spring2022/grading/scripts/repos/kyler_gappa/src/test/resources
[INFO] 
[INFO] --- maven-compiler-plugin:3.1:testCompile (default-testCompile) @ csci-468-spring2022 ---
[INFO] Nothing to compile - all classes are up to date
[INFO] 
[INFO] --- maven-surefire-plugin:2.22.1:test (default-test) @ csci-468-spring2022 ---
[INFO] 
[INFO] -------------------------------------------------------
[INFO]  T E S T S
[INFO] -------------------------------------------------------
[INFO] Running edu.montana.csci.csci468.parser.CatscriptParserExpressionsTest
[ERROR] Tests run: 29, Failures: 0, Errors: 6, Skipped: 0, Time elapsed: 0.198 s <<< FAILURE! - in edu.montana.csci.csci468.parser.CatscriptParserExpressionsTest
[ERROR] greaterThanGreaterExpression  Time elapsed: 0.071 s  <<< ERROR!
java.lang.ClassCastException: class edu.montana.csci.csci468.parser.expressions.IntegerLiteralExpression cannot be cast to class edu.montana.csci.csci468.parser.expressions.ComparisonExpression (edu.montana.csci.csci468.parser.expressions.IntegerLiteralExpression and edu.montana.csci.csci468.parser.expressions.ComparisonExpression are in unnamed module of loader 'app')
	at edu.montana.csci.csci468.parser.CatscriptParserExpressionsTest.greaterThanGreaterExpression(CatscriptParserExpressionsTest.java:185)

[ERROR] lessThanGreaterExpression  Time elapsed: 0.004 s  <<< ERROR!
java.lang.ClassCastException: class edu.montana.csci.csci468.parser.expressions.IntegerLiteralExpression cannot be cast to class edu.montana.csci.csci468.parser.expressions.ComparisonExpression (edu.montana.csci.csci468.parser.expressions.IntegerLiteralExpression and edu.montana.csci.csci468.parser.expressions.ComparisonExpression are in unnamed module of loader 'app')
	at edu.montana.csci.csci468.parser.CatscriptParserExpressionsTest.lessThanGreaterExpression(CatscriptParserExpressionsTest.java:173)

[ERROR] equalityExpression  Time elapsed: 0.002 s  <<< ERROR!
java.lang.ClassCastException: class edu.montana.csci.csci468.parser.expressions.IntegerLiteralExpression cannot be cast to class edu.montana.csci.csci468.parser.expressions.EqualityExpression (edu.montana.csci.csci468.parser.expressions.IntegerLiteralExpression and edu.montana.csci.csci468.parser.expressions.EqualityExpression are in unnamed module of loader 'app')
	at edu.montana.csci.csci468.parser.CatscriptParserExpressionsTest.equalityExpression(CatscriptParserExpressionsTest.java:191)

[ERROR] greaterThanExpression  Time elapsed: 0.003 s  <<< ERROR!
java.lang.ClassCastException: class edu.montana.csci.csci468.parser.expressions.IntegerLiteralExpression cannot be cast to class edu.montana.csci.csci468.parser.expressions.ComparisonExpression (edu.montana.csci.csci468.parser.expressions.IntegerLiteralExpression and edu.montana.csci.csci468.parser.expressions.ComparisonExpression are in unnamed module of loader 'app')
	at edu.montana.csci.csci468.parser.CatscriptParserExpressionsTest.greaterThanExpression(CatscriptParserExpressionsTest.java:179)

[ERROR] notEqualExpression  Time elapsed: 0.002 s  <<< ERROR!
java.lang.ClassCastException: class edu.montana.csci.csci468.parser.expressions.IntegerLiteralExpression cannot be cast to class edu.montana.csci.csci468.parser.expressions.EqualityExpression (edu.montana.csci.csci468.parser.expressions.IntegerLiteralExpression and edu.montana.csci.csci468.parser.expressions.EqualityExpression are in unnamed module of loader 'app')
	at edu.montana.csci.csci468.parser.CatscriptParserExpressionsTest.notEqualExpression(CatscriptParserExpressionsTest.java:197)

[ERROR] lessThanExpression  Time elapsed: 0.002 s  <<< ERROR!
java.lang.ClassCastException: class edu.montana.csci.csci468.parser.expressions.IntegerLiteralExpression cannot be cast to class edu.montana.csci.csci468.parser.expressions.ComparisonExpression (edu.montana.csci.csci468.parser.expressions.IntegerLiteralExpression and edu.montana.csci.csci468.parser.expressions.ComparisonExpression are in unnamed module of loader 'app')
	at edu.montana.csci.csci468.parser.CatscriptParserExpressionsTest.lessThanExpression(CatscriptParserExpressionsTest.java:167)

[INFO] 
[INFO] Results:
[INFO] 
[ERROR] Errors: 
[ERROR]   CatscriptParserExpressionsTest.equalityExpression:191 ClassCast class edu.mont...
[ERROR]   CatscriptParserExpressionsTest.greaterThanExpression:179 ClassCast class edu.m...
[ERROR]   CatscriptParserExpressionsTest.greaterThanGreaterExpression:185 ClassCast clas...
[ERROR]   CatscriptParserExpressionsTest.lessThanExpression:167 ClassCast class edu.mont...
[ERROR]   CatscriptParserExpressionsTest.lessThanGreaterExpression:173 ClassCast class e...
[ERROR]   CatscriptParserExpressionsTest.notEqualExpression:197 ClassCast class edu.mont...
[INFO] 
[ERROR] Tests run: 29, Failures: 0, Errors: 6, Skipped: 0
[INFO] 
[INFO] ------------------------------------------------------------------------
[INFO] BUILD FAILURE
[INFO] ------------------------------------------------------------------------
[INFO] Total time:  7.308 s
[INFO] Finished at: 2022-03-07T14:02:00-07:00
[INFO] ------------------------------------------------------------------------
[ERROR] Failed to execute goal org.apache.maven.plugins:maven-surefire-plugin:2.22.1:test (default-test) on project csci-468-spring2022: There are test failures.
[ERROR] 
[ERROR] Please refer to /home/carson/Projects/msu/csci-468-spring2022/grading/scripts/repos/kyler_gappa/target/surefire-reports for the individual test results.
[ERROR] Please refer to dump files (if any exist) [date].dump, [date]-jvmRun[N].dump and [date].dumpstream.
[ERROR] -> [Help 1]
[ERROR] 
[ERROR] To see the full stack trace of the errors, re-run Maven with the -e switch.
[ERROR] Re-run Maven using the -X switch to enable full debug logging.
[ERROR] 
[ERROR] For more information about the errors and possible solutions, please read the following articles:
[ERROR] [Help 1] http://cwiki.apache.org/confluence/display/MAVEN/MojoFailureException
